# column spec:
# parameter number (index)  Phase 1                 Phase 2                 Phase 1                 Phase 2                 P1 fixed/   P2 fixed/   enabled/
#   parameter name          initial value           initial value           constraint value        constraint value        notfixed    notfixed    disabled
#                                       initial error       initial error               constraint error        contraint error
#
#   1   2   3   4   5   6   7   8   9   10  11  12  13  14  15  16  17  18  19  20  21  22  23  24  25  26  27  28  29  30  31  32  33  34  35  36  37  38
#   1                       2           3           4           5           6           7           8           9           10          11
#   name                    Phase 1                 Phase 2                 Phase 1                 Phase2                  P1 fixed    P2 fixed    enabled
#                           initial     initial     initial     initial     constraint  constraint  constraint  constraint  spec        spec        spec
#                           value       error       value       error       value       error       value       error
BREAK
# TODO: a 3rd value is required, fixed, free and float
# or                             hard, soft, free
# fixed is hard fixed value, cannot change
# float is soft fixed (constrained value)
# free is completely free, no fixed value or penalty term applied
# none is a placeholder for 0.0
# doesn't do anything just signifies that this value is N/A or ignored
BREAK
# first col is the parameter index/number
# second col is a list of mc files which are combined in the same fit
BREAK
# notes regarding where values are used:
# code makes use of initial and constrained values in 2 places, these are
# 1) when defining the parameters
# 2) when computing the loglikelihood value
#
# in the case of 1):
# parameter is initialized using initial value & error, if constrain mode
# is either free or soft
# if constrain mode is hard, then parameter is intilized using constrain
# value & error
#
# in the case of 2):
# if parameter is hard constrained, then Minuit does not vary that parameter
# in the fit, therefore it is essentially ignored
# if parameter is free, Minuit varies the paramter internally, no penalty term
# is applied
# if parameter is soft constrained, then penalty terms are applied in the
# logliklihood function, using the values and errors from the constrained
# inputs
# while at the same time, Minuit varies the parameters that were initialized
# using the initial parameter value & error
#
# simplified instructions:
#
# 1: If parameter is "free", set phase 1/2 initial value & error, set phase 1/2
#    constraint value & error to "none"
# 2: If parameter is "soft" constrained, set phase 1/2 initial value & error,
#    set phase 1/2 constraint value & error
# 3: If parameter is "hard" constrained, set phase 1/2 initial value & error to
#    the values to be used for the constraining value & error, then set the
#    constraint value & error to "useinit"
# this is counter intuitive, but is just how the code works at the moment, it
# requires an update
# TODO
#
# Notes regarding enabled/disabled parameters
#
# Code has been changed to track both parameter numbers and "internal" (minuit)
# parameter numbers.
# If a parameter is disabled, it no longer just does not appear in the output
# but is totally ignore by minuit. (Rather than just being set to Fixed, as
# in a previous version of this code.) This is supposed to increase readability
# of output, and to make it easier to debug.
#
BREAK
#   enabled/    phase 1                 phase 2                 phase 1                             phase 2                             list
#   disabled    initial                 initial                 constraint                          constraint                          of
#               value       error       value       error       mode        value       error       mode        value       error       MC files
#   1   2   3   4   5   6   7   8   9   10  11  12  13  14  15  16  17  18  19  20  21  22  23  24  25  26  27  28  29  30  31  32  33  34  35  36  37  38  39  40
#example:
#0	enabled     3.5350e-04	5.9777e-06  same        same        free        none        none        free        none        none        nd150_rot_2n2b_m4       END
BREAK
#   list options:
#   "enabled"   [value]     [value]     [value]     [value]     [value]     [value]     [value]     [value]     "free"  "free"  [MC datafile name]              "END"
#   "disabled"                          "same"      "same"      "none"      "none"      "none"      "none"      "soft"  "soft"  list separated by space/tab
#                                                               "useinit"   "useinit"   "same"      "same"      "hard"  "hard"
#
#   ---------------------------------------------------------------------------------------------------------------------------------------------------------------
#   enabled/    phase 1                 phase 2                 phase 1                 phase 2                 P1      P2      list
#   disabled    initial                 initial                 constraint              constraint              cnstrt  cnstrt  of
#               value       error       value       error       value       error       value       error       mode    mode    MC files
#   1   2   3   4   5   6   7   8   9   10  11  12  13  14  15  16  17  18  19  20  21  22  23  24  25  26  27  28  29  30  31  32  33  34  35  36  37  38  39
#
# TODO: check these
#0	enabled     3.65e-04   	6.0e-06     same        same        none        none        none        none        free    free    nd150_rot_2n2b_m4               END
#0	enabled     4.10996e-04 6.19840e-06 same        same        none        none        none        none        free    free    nd150_rot_2n2b_m4               END
0	enabled     3.45e-04    3.45e-05    same        same        none        none        none        none        free    free    nd150_rot_2n2b_m4               END # 470215
1   enabled     0.368       0.1         same        same        none        none        none        none        free    free    axial_vector_parameter_0        END
#0	enabled     1.459       0.1         same        same        none        none        none        none        hard    hard    nd150_rot_2n2b_m4               END
BREAK
# TODO: bug: line with whitespace crashes
BREAK
2	enabled     1.70e-3   	0.02e-3     same        same        1.70e-3   	0.02e-3     same        same        hard    hard    ac228_int_rot   bi212_int_rot   tl208_int_rot   END # 2490, 1359
#2   enabled     0.62e-3     0.01e-3     same        same        0.62e-3     0.01e-3     same        same        hard    hard    tl208_int_rot                   END # 7134
# TODO: do TL 208 samples need to be in equlibrium with Ac 228 and Bi 212 samples
3   enabled     5.66e-3     0.15e-3     same        same        5.66e-3     0.15e-3     same        same        hard    hard    bi207_int_rot  	                END # 9906
4   enabled     0.29e-3     0.01e-3     same        same        0.29e-3     0.01e-3     same        same        hard    hard    bi214_int_rot   pb214_int_rot   END # 6839, 173
5   enabled  	2.98e-3     0.21e-3     same        same        2.98e-3     0.21e-3     same        same        hard    hard    eu152_int_rot                   END # 138
6   enabled     1.08e-3     0.25e-3     same        same        1.08e-3     0.25e-3     same        same        hard    hard    eu154_int_rot  	                END # 385
7   enabled     10.14e-3    0.08e-3     same        same        10.14e-3    0.08e-3     same        same        hard    hard    k40_int_rot	                    END # 737
8   enabled     1.54e-3     0.04e-3     same        same        1.54e-3     0.04e-3     same        same        hard    hard    pa234m_int_rot                  END # 3877
9   enabled     1.6e-3      0.7e-3      same        same        1.6e-3      0.7e-3      same        same        hard    hard    bi214_mylar     pb214_mylar     END # 207, 24
BREAK
10  enabled     4.86e-03    0.04e-03    same        same        4.86e-03    0.04e-03    same        same        hard    hard    mo100_99_rot_2n2b_m14           END # 308
11  enabled     0.135e-03   0.002e-03   same        same        0.135e-03   0.002e-03   same        same        hard    hard    mo100_99_rot_bi214	            END
12  enabled     0.73e-03    0.03e-03    same        same        0.73e-03    0.03e-03    same        same        hard    hard    mo100_99_rot_pa234m	            END
13  enabled     5.27e-03    0.07e-03    same        same        5.27e-03    0.07e-03    same        same        hard    hard    mo100_99_rot_k40	            END
BREAK
14  enabled     0.051e-03	0.003e-03   same        same        0.051e-03	0.003e-03   same        same        hard    hard    zr96_rot_2n2b_m4	            END # 1894
15  enabled     0.19e-03    0.02e-03    same        same        0.19e-03    0.02e-03    same        same        hard    hard    zr96_rot_bi214	                END
16  enabled     0.49e-03    0.01e-03    same        same        0.49e-03    0.01e-03    same        same        hard    hard    zr96_rot_pa234m	                END
17  enabled     19.7e-03	0.1e-03     same        same        19.7e-03	0.1e-03     same        same        hard    hard    zr96_rot_k40	                END 
BREAK
18  enabled     0.031e-03	0.003e-03   same        same        0.031e-03	0.003e-03   same        same        hard    hard    ca48_63_rot_2n2b_m4	            END # 43
19  enabled     0.08e-03    0.01e-03    same        same        0.08e-03    0.01e-03    same        same        hard    hard    ca48_63_rot_bi214	            END
20  enabled     0.3e-03     0.1e-03     same        same        0.3e-03     0.1e-03     same        same        hard    hard    ca48_63_rot_pa234m	            END
21  enabled     29.6e-03    0.1e-03     same        same        29.6e-03    0.1e-03     same        same        hard    hard    ca48_63_rot_y90	                END
#10  enabled     5.27e-03    0.07e-03    same        same        5.27e-03    0.07e-03    same        same        hard    hard    mo100_99_rot_k40	            END # 0 # TODO: something wrong in cov matrix output for this sample
BREAK
BREAK
BREAK
# MC is not split corrently TODO
# TODO: make soft after initial debug run
# TODO what numbers here - disabled?
22  enabled     1.0e-3      0.6e-3      same        same        useinit     useinit     same        same        hard    hard    bi214_sfoil     pb214_sfoil	    END # 271, 23
BREAK
# unsure about these numbers, and MC is not split correctly TODO
# TODO what numbers here - disabled?
# TODO: changed error to smaller value, MINUIT complaining about larger error
#23  enabled     1.3e-3      1.6e-3      same        same        useinit     useinit     same        same        soft    soft    bi214_swire     pb214_swire 	END
23  enabled     1.3e-3      1.0e-3      same        same        useinit     useinit     same        same        hard    hard    bi214_swire     pb214_swire 	END # 328, 21
BREAK
# TODO what numbers here - disabled?
# NO EVENTS
24  enabled     1.3e-3      0.2e-3      same        same        useinit     useinit     same        same        hard    hard    bi210_sfoil 	                END     # 0 events
# TODO duplicate measurement?
# TODO what numbers here - enabled ?
25  enabled     11.7e-3     1.2e-3      same        same        useinit     useinit     same        same        hard    hard    bi210_swire 	                END     # 5 events
# TODO what numbers here - enabled ?
# TODO: this was enabled, but did not cause a crash?
# it DID cause a crash when constructing the human readable names but for some
# reason did not crash on previous fit run?
26  enabled     34.4        4.0         same        same        useinit     useinit     same        same        hard    hard    bi210_sscin 	                END     # 0 events
BREAK
# TODO: re-enable
27  enabled     324.0	    1.0         same        same        none        none        same        same        hard    hard    bi214_pmt	                    END     # 22 events
# NO EVENTS
28  enabled     36.0	    5.0         same        same        36.0	    5.0         same        same        hard    hard    ac228_pmt   tl208_pmt           END     # 0 events, 18 events
29  enabled     9295.0	    2691        same        same        9295.0	    2691        same        same        hard    hard    bi214_feShield	                END     # 17 events
30  enabled     1090.0      529.0       same        same        1090.0      529.0       same        same        hard    hard    ac228_feShield  tl208_feShield  END     # 1 events, 2 events
BREAK
BREAK
# TODO what numbers here - disabled?
# NO EVENTS
31  enabled     3.1         0.5         same        same        3.1         0.5         same        same        hard    hard    pa234m_sscin                    END     # 0 events
32  enabled     60.0    	22.0        same        same        60.0    	22.0        same        same        hard    hard    co60_cuTower	                END     # 1 events
#41  enabled     1124.0	    93.0        same        same        1124.0	    93.0        same        same        hard    hard    k40_pmt	                        END
33  enabled     1078.0	    32.0        same        same        none        none        same        same        hard    hard    k40_pmt	                        END     # 5 events
34  enabled     16.0        4.0         same        same        16.0        4.0         same        same        hard    hard    k40_scintIN k40_scintOUT k40_scintPET   END     # 0 events
BREAK
# these are disabled due to low numbers of events / zero events
# if backgrounds are not listed in the header files, it does not matter if
# they are in this parameters file as they will be ignored
35  disabled    557.0	    38.0        same        same        557.0	    38.0        0.0         0.0         hard    hard    bi214_air   pb214_air           END     # 4 events
36  disabled    11.5  	    1.150       same        same        11.5  	    1.150       0.0         0.0         hard    hard    tl208_air   	                END     # 0 events
BREAK
#28  enabled     29.6e-03    0.1e-03     same        same        29.6e-03    0.1e-03     same        same        hard    hard    ca48_63_rot_y90	                END # 51
#29  EXEMPT      0.?         0.?         ?           ?           ?           ?           ?           ?           hard?   hard?   axial_vector_parameter_1 (baseline) END
BREAK
BREAK
# I could have added these values as a new column in the above, but I chose not to
# These are optional anyway
# Nd 150
NAME    0       ^{150}Nd 2#nu#beta#beta
NAME    1       g_{A} Axial Vector #xi_{31}
#BREAK
# Internals
NAME    2       ^{228}Ac ^{212}Bi ^{208}Tl Int
NAME    3       ^{207}Bi Int
NAME    4       ^{214}Bi ^{214}Pb Int
NAME    5       ^{152}Eu Int
NAME    6       ^{154}Eu Int
NAME    7       ^{40}K Int
NAME    8       ^{214m}Pa Int
NAME    9       ^{214}Bi ^{214}Pb Mylar
#BREAK
# Neighbours
NAME    10      ^{100}Mo 2#nu#beta#beta
NAME    11      ^{100}Mo int ^{214}Bi
NAME    12      ^{100}Mo int ^{234m}Pa
NAME    13      ^{100}Mo int ^{40}K
#BREAK
NAME    14      ^{96}Zr 2#nu#beta#beta
NAME    15      ^{96}Zr int ^{214}Bi
NAME    16      ^{96}Zr int ^{234}mPa
NAME    17      ^{96}Zr int ^{40}K
#BREAK
NAME    18      ^{48}Ca 2#nu#beta#beta
NAME    19      ^{48}Ca int ^{214}Bi
NAME    20      ^{48}Ca int ^{234m}Pa
NAME    21      ^{48}Ca int ^{90}Y
#BREAK
# Foil and Wire Surface (Radon)
NAME    22      ^{214}Bi ^{214}Pb SFoil
NAME    23      ^{214}Bi ^{214}Bi SWire
NAME    24      ^{210}Bi SFoil
NAME    25      ^{210}Bi SWire
NAME    26      ^{210}Bi SScin
# Externals
NAME    27      ^{214}Bi PMT
NAME    28      ^{228}Ac ^{208}Tl PMT
NAME    29      ^{214}Bi Fe shield
NAME    30      ^{228}Ac ^{208}Tl Fe shield
NAME    31      ^{234m}Pa sscin
NAME    32      ^{60}Co Cu Tower
NAME    33      ^{40}K PMT
NAME    34      ^{40}K Scint
#NAME    28      ^{48}Ca int ^{90}Y
# Air (Radon)
NAME    35      ^{214}Bi ^{214}Pb Air
NAME    36      ^{208}Tl Air
#END
