39  0	nd150_rot_2b2n_m4	    3.5350E-04	5.9777E-06  same    same    notfixed

32  1	ac228_int_rot  	        1.363   	0.056       same    same    fixed
32	1   bi212_int_rot  	        1.363	    0.056       same    same    fixed
32	1   tl208_int_rot 	        0.490	    0.020       same    same    fixed
33	2   bi207_int_rot  	        6.666	    0.606       same    same    notfixed
34	3   bi214_int_rot  	        0.172	    0.020       same    same    notfixed
34	3   pb214_int_rot 	        0.172	    0.020       same    same    fixed
35	4   eu152_int_rot  	        4.545	    0.303       same    same    fixed
36	5   eu154_int_rot  	        0.758	    0.101       same    same    fixed
37	6   k40_int_rot	            9.696	    0.101       same    same    fixed
38	7   pa234m_int_rot 	        2.778	    0.035       same    same    fixed

40	8   ca48_63_rot_2n2b_m4	    0.02974	    0.00006     same    same    fixed
40	8   ca48_63_rot_bi214	    0.02974	    0.00006     same    same    fixed
40	8   ca48_63_rot_pa234m	    0.02974	    0.00006     same    same    fixed
40	8   ca48_63_rot_y90	        0.02974	    0.00006     same    same    fixed
44	9   mo100_99_rot_2n2b_m14	0.00015     0.00015	    same    same    fixed
45	9   mo100_99_rot_bi214	    0.00169     0.00169     same    same    fixed
45	9   mo100_99_rot_pa234m	    0.00169     0.00169     same    same    fixed
45	9   mo100_99_rot_k40	    0.00169     0.00169     same    same    fixed
42	10  zr96_rot_2n2b_m4	    0.00019	    0.00002     same    same    fixed
42	10  zr96_rot_bi214	        0.00019	    0.00002     same    same    fixed
42	10  zr96_rot_pa234m	        0.00019	    0.00002     same    same    fixed
43	10  zr96_rot_k40	        0.01970	    0.00010     same    same    fixed

15	11  bi214_sfoil	            0.0091	    0.0048      0.00341 0.00096 fixed
15	11  pb214_sfoil	            0.0091	    0.0048      0.00341	0.00096 fixed

21	12  bi214_swire 	        0.556	    0.058       0.085	0.012   fixed
21	12  pb214_swire 	        0.556	    0.058       0.085   0.012   fixed

25	13  tl208_swire 	        0.0035	    0.0004      0.00290 0.00040 fixed

18	14  bi214_sscin	            0.380	    0.038       0.380   0.0380  fixed
18	14  pb214_sscin	            0.380	    0.380       0.380   0.0380  fixed

17	15  bi210_sfoil 	        4.244	    0.023       same    same    fixed
23	16  bi210_swire 	        12.620	    0.730       same    same    fixed
20	17  bi210_sscin 	        30.400	    3.040       same    same    fixed

24	18  bi214_mylar	            0.000	    2.028E-05   same    same    fixed
24	18  pb214_mylar	            0.000	    2.028E-05   same    same    fixed

0	19  bi214_air	            566.000	    56.600      same    same    fixed
0	19  pb214_air	            566.000	    56.600      same    same    fixed
1	20  tl208_air   	        11.500  	1.150       same    same    fixed

11	21  bi214_pmt	            324.000	    1.000       same    same    fixed
13	22  ac228_pmt	            75.125	    1.669       same    same    fixed
13	22  tl208_pmt	            27.000	    0.600       same    same    fixed
3	23  bi214_feShield	        7360.000	200.000     same    same    fixed
2	24  ac228_feShield	        1346.689	66.778      same    same    fixed
2	24  tl208_feShield	        484.000	    24.000      same    same    fixed
31	25  k40_sscin	            4.365	    2.103       same    same    fixed
100 26  pa234m_sscin            0.0         0.0         same    same    fixed
4	27  co60_cuTower	        18.400	    0.800       same    same    fixed
12	28  k40_pmt	                1078.000	32.000      same    same    fixed
27	29  k40_scintIN	            7.170	    0.300       same    same    fixed
